----------

Thu Feb 10 2022 12:57:38 GMT-0800 (Pacific Standard Time)

The syntax of the command is incorrect.


----------

Thu Feb 10 2022 12:57:38 GMT-0800 (Pacific Standard Time)

error: unknown switch `a'


----------

Thu Feb 10 2022 12:57:38 GMT-0800 (Pacific Standard Time)

usage: git add [<options>] [--] <pathspec>...

    -n, --dry-run         dry run
    -v, --verbose         be verbose

    -i, --interactive     interactive picking
    -p, --patch           select hunks interactively
    -e, --edit            edit current diff and apply
    -f, --force           allow adding otherwise ignored files
    -u, --update          update tracked files
    --renormalize         renormalize EOL of tracked files (implies -u)
    -N, --intent-to-add   record only the fact that the path will be added later
    -A, --all             add changes from all tracked and untracked files
    --ignore-removal      ignore paths removed in the working tree (same as --no-all)
    --refresh             don't add, only refresh the index
    --ignore-errors       just skip files which cannot be added because of errors
    --ignore-missing      check if - even missing - files are ignored in dry run
    --sparse              allow updating entries outside of the sparse-checkout cone
    --chmod (+|-)x        override the executable bit of the listed files
    --pathspec-from-file <file>
                          read pathspec from file
    --pathspec-file-nul   with --pathspec-from-file, pathspec elements are separated with NUL character



----------

Thu Feb 10 2022 12:57:38 GMT-0800 (Pacific Standard Time)

warning: could not open directory 'Application Data/': Permission denied


----------

Thu Feb 10 2022 12:57:38 GMT-0800 (Pacific Standard Time)

warning: could not open directory 'Cookies/': Permission denied


----------

Thu Feb 10 2022 12:57:38 GMT-0800 (Pacific Standard Time)

warning: could not open directory 'Local Settings/': Permission denied


----------

Thu Feb 10 2022 12:57:38 GMT-0800 (Pacific Standard Time)

warning: could not open directory 'My Documents/': Permission denied
warning: could not open directory 'NetHood/': Permission denied


----------

Thu Feb 10 2022 12:57:38 GMT-0800 (Pacific Standard Time)

warning: could not open directory 'PrintHood/': Permission denied


----------

Thu Feb 10 2022 12:57:38 GMT-0800 (Pacific Standard Time)

warning: could not open directory 'Recent/': Permission denied


----------

Thu Feb 10 2022 12:57:38 GMT-0800 (Pacific Standard Time)

warning: could not open directory 'SendTo/': Permission denied


----------

Thu Feb 10 2022 12:57:38 GMT-0800 (Pacific Standard Time)

warning: could not open directory 'Start Menu/': Permission denied


----------

Thu Feb 10 2022 12:57:38 GMT-0800 (Pacific Standard Time)

warning: could not open directory 'Templates/': Permission denied


----------

Thu Feb 10 2022 12:57:38 GMT-0800 (Pacific Standard Time)

error: src refspec main does not match any
error: failed to push some refs to 'github.com:studyingworks/website.git'


